[INFO ] 2021-11-11 23:00:10.255 [restartedMain] Main - Starting Main on DESKTOP-V8NF0JL with PID 1908 (D:\projects\SpringBootSample\Phonebook\target\classes started by karuon in D:\projects\SpringBootSample\Phonebook)
[DEBUG] 2021-11-11 23:00:10.267 [restartedMain] Main - Running with Spring Boot v2.3.1.RELEASE, Spring v5.2.7.RELEASE
[INFO ] 2021-11-11 23:00:10.268 [restartedMain] Main - No active profile set, falling back to default profiles: default
[INFO ] 2021-11-11 23:00:14.975 [restartedMain] Main - Started Main in 5.372 seconds (JVM running for 10.127)
[INFO ] 2021-11-11 23:00:31.813 [restartedMain] Main - Starting Main on DESKTOP-V8NF0JL with PID 12816 (D:\projects\SpringBootSample\Phonebook\target\classes started by karuon in D:\projects\SpringBootSample\Phonebook)
[DEBUG] 2021-11-11 23:00:31.830 [restartedMain] Main - Running with Spring Boot v2.3.1.RELEASE, Spring v5.2.7.RELEASE
[INFO ] 2021-11-11 23:00:31.831 [restartedMain] Main - No active profile set, falling back to default profiles: default
[INFO ] 2021-11-11 23:00:34.963 [restartedMain] Main - Started Main in 3.866 seconds (JVM running for 8.243)
[DEBUG] 2021-11-11 23:00:43.850 [http-nio-8080-exec-1] HomeController - result: 
[INFO ] 2021-11-11 23:02:13.260 [restartedMain] Main - Starting Main on DESKTOP-V8NF0JL with PID 3904 (D:\projects\SpringBootSample\Phonebook\target\classes started by karuon in D:\projects\SpringBootSample\Phonebook)
[DEBUG] 2021-11-11 23:02:13.272 [restartedMain] Main - Running with Spring Boot v2.3.1.RELEASE, Spring v5.2.7.RELEASE
[INFO ] 2021-11-11 23:02:13.273 [restartedMain] Main - No active profile set, falling back to default profiles: default
[INFO ] 2021-11-11 23:02:16.539 [restartedMain] Main - Started Main in 3.862 seconds (JVM running for 7.777)
[DEBUG] 2021-11-11 23:02:19.182 [http-nio-8080-exec-1] HomeController - result: 
[INFO ] 2021-11-11 23:04:53.643 [restartedMain] Main - Starting Main on DESKTOP-V8NF0JL with PID 7752 (D:\projects\SpringBootSample\Phonebook\target\classes started by karuon in D:\projects\SpringBootSample\Phonebook)
[DEBUG] 2021-11-11 23:04:53.664 [restartedMain] Main - Running with Spring Boot v2.3.1.RELEASE, Spring v5.2.7.RELEASE
[INFO ] 2021-11-11 23:04:53.665 [restartedMain] Main - No active profile set, falling back to default profiles: default
[INFO ] 2021-11-11 23:04:57.134 [restartedMain] Main - Started Main in 4.226 seconds (JVM running for 7.995)
[DEBUG] 2021-11-11 23:05:00.880 [http-nio-8080-exec-2] HomeController - result: 
[DEBUG] 2021-11-11 23:05:11.155 [http-nio-8080-exec-1] HomeController - result: 
2021-11-11 23:09:15,322 INFO c.p.Main [restartedMain] Starting Main on DESKTOP-V8NF0JL with PID 10040 (D:\projects\SpringBootSample\Phonebook\target\classes started by karuon in D:\projects\SpringBootSample\Phonebook)
2021-11-11 23:09:15,335 DEBUG c.p.Main [restartedMain] Running with Spring Boot v2.3.1.RELEASE, Spring v5.2.7.RELEASE
2021-11-11 23:09:15,336 INFO c.p.Main [restartedMain] No active profile set, falling back to default profiles: default
2021-11-11 23:09:18,376 INFO c.p.Main [restartedMain] Started Main in 3.65 seconds (JVM running for 7.208)
2021-11-11 23:09:52,225 DEBUG c.p.c.HomeController [http-nio-8080-exec-1] result: 
2021-11-11 23:13:12,851 INFO c.p.Main [restartedMain] Starting Main on DESKTOP-V8NF0JL with PID 6780 (D:\projects\SpringBootSample\Phonebook\target\classes started by karuon in D:\projects\SpringBootSample\Phonebook)
2021-11-11 23:13:12,864 DEBUG c.p.Main [restartedMain] Running with Spring Boot v2.3.1.RELEASE, Spring v5.2.7.RELEASE
2021-11-11 23:13:12,865 INFO c.p.Main [restartedMain] No active profile set, falling back to default profiles: default
2021-11-11 23:13:17,029 INFO c.p.Main [restartedMain] Started Main in 4.794 seconds (JVM running for 8.824)
2021-11-11 23:13:22,006 INFO c.p.c.HomeController [http-nio-8080-exec-1] user is not Login.
2021-11-11 23:14:26,279 INFO c.p.Main [restartedMain] Starting Main on DESKTOP-V8NF0JL with PID 9632 (D:\projects\SpringBootSample\Phonebook\target\classes started by karuon in D:\projects\SpringBootSample\Phonebook)
2021-11-11 23:14:26,316 DEBUG c.p.Main [restartedMain] Running with Spring Boot v2.3.1.RELEASE, Spring v5.2.7.RELEASE
2021-11-11 23:14:26,319 INFO c.p.Main [restartedMain] No active profile set, falling back to default profiles: default
2021-11-11 23:14:30,027 INFO c.p.Main [restartedMain] Started Main in 4.862 seconds (JVM running for 8.926)
2021-11-11 23:14:38,439 INFO c.p.c.HomeController [http-nio-8080-exec-1] isAlreadyLogin, result: 
2021-11-11 23:17:36,150 INFO c.p.Main [restartedMain] Starting Main on DESKTOP-V8NF0JL with PID 13124 (D:\projects\SpringBootSample\Phonebook\target\classes started by karuon in D:\projects\SpringBootSample\Phonebook)
2021-11-11 23:17:36,163 DEBUG c.p.Main [restartedMain] Running with Spring Boot v2.3.1.RELEASE, Spring v5.2.7.RELEASE
2021-11-11 23:17:36,164 INFO c.p.Main [restartedMain] No active profile set, falling back to default profiles: default
2021-11-11 23:17:39,842 INFO c.p.Main [restartedMain] Started Main in 4.322 seconds (JVM running for 8.094)
2021-11-11 23:17:49,402 INFO c.p.c.HomeController [http-nio-8080-exec-1] isAlreadyLogin, result: user is not Login.
2021-11-11 23:29:17,837 INFO c.p.Main [restartedMain] Starting Main on DESKTOP-V8NF0JL with PID 1652 (D:\projects\SpringBootSample\Phonebook\target\classes started by karuon in D:\projects\SpringBootSample\Phonebook)
2021-11-11 23:29:17,852 DEBUG c.p.Main [restartedMain] Running with Spring Boot v2.3.1.RELEASE, Spring v5.2.7.RELEASE
2021-11-11 23:29:17,853 INFO c.p.Main [restartedMain] No active profile set, falling back to default profiles: default
2021-11-11 23:29:21,447 INFO c.p.Main [restartedMain] Started Main in 4.224 seconds (JVM running for 9.483)
2021-11-11 23:29:29,624 INFO c.p.c.HomeController [http-nio-8080-exec-1] isAlreadyLogin, result: user is not Login.
2021-11-11 23:32:14,700 INFO c.p.c.HomeController [http-nio-8080-exec-2] isAlreadyLogin, result: user is not Login.
2021-11-11 23:32:22,403 INFO c.p.c.HomeController [http-nio-8080-exec-3] isAlreadyLogin, result: user is not Login.
2021-11-11 23:32:45,963 INFO c.p.c.HomeController [http-nio-8080-exec-4] isAlreadyLogin, result: user is not Login.
2021-11-11 23:32:51,273 INFO c.p.c.HomeController [http-nio-8080-exec-6] isAlreadyLogin, result: user is not Login.
2021-11-11 23:33:01,534 INFO c.p.c.HomeController [http-nio-8080-exec-5] isAlreadyLogin, result: user is not Login.
2021-11-11 23:49:13,596 INFO c.p.c.HomeController [http-nio-8080-exec-7] isAlreadyLogin, result: user is not Login.
2021-11-11 23:57:45,585 INFO c.p.c.HomeController [http-nio-8080-exec-8] isAlreadyLogin, result: user is not Login.
2021-11-12 00:25:53,876 INFO c.p.c.HomeController [http-nio-8080-exec-9] isAlreadyLogin, result: user is not Login.
2021-11-12 00:28:12,760 INFO c.p.c.HomeController [http-nio-8080-exec-10] isAlreadyLogin, result: user is not Login.
2021-11-12 00:28:16,766 INFO c.p.c.HomeController [http-nio-8080-exec-1] isAlreadyLogin, result: user is not Login.
2021-11-12 00:29:31,414 INFO c.p.c.HomeController [http-nio-8080-exec-2] isAlreadyLogin, result: user is not Login.
2021-11-12 00:29:36,000 INFO c.p.c.HomeController [http-nio-8080-exec-3] isAlreadyLogin, result: user is not Login.
2021-11-12 00:32:42,908 INFO c.p.c.HomeController [http-nio-8080-exec-4] isAlreadyLogin, result: user is not Login.
2021-11-12 01:00:40,278 INFO c.p.c.HomeController [http-nio-8080-exec-7] isAlreadyLogin, result: user is not Login.
2021-11-12 18:26:52,164 INFO c.p.Main [restartedMain] Starting Main on DESKTOP-V8NF0JL with PID 5916 (D:\projects\SpringBootSample\Phonebook\target\classes started by karuon in D:\projects\SpringBootSample\Phonebook)
2021-11-12 18:26:52,204 DEBUG c.p.Main [restartedMain] Running with Spring Boot v2.3.1.RELEASE, Spring v5.2.7.RELEASE
2021-11-12 18:26:52,205 INFO c.p.Main [restartedMain] No active profile set, falling back to default profiles: default
2021-11-12 18:26:56,677 INFO c.p.Main [restartedMain] Started Main in 5.338 seconds (JVM running for 10.348)
2021-11-12 18:27:16,546 INFO c.p.c.HomeController [http-nio-8080-exec-1] isAlreadyLogin, result: user is not Login.
2021-11-12 18:28:27,397 INFO c.p.c.HomeController [http-nio-8080-exec-2] isAlreadyLogin, result: user is not Login.
2021-11-12 18:28:34,133 INFO c.p.c.HomeController [http-nio-8080-exec-3] isAlreadyLogin, result: user is not Login.
2021-11-12 18:30:37,061 INFO c.p.c.HomeController [http-nio-8080-exec-4] isAlreadyLogin, result: user is not Login.
2021-11-12 18:30:51,259 INFO c.p.c.HomeController [http-nio-8080-exec-5] isAlreadyLogin, result: user is not Login.
2021-11-12 18:50:36,128 INFO c.p.c.HomeController [http-nio-8080-exec-1] isAlreadyLogin, result: user is not Login.
2021-11-12 18:50:59,536 INFO c.p.c.HomeController [http-nio-8080-exec-2] isAlreadyLogin, result: user is not Login.
2021-11-12 18:51:59,359 INFO c.p.Main [restartedMain] Starting Main on DESKTOP-V8NF0JL with PID 11360 (D:\projects\SpringBootSample\Phonebook\target\classes started by karuon in D:\projects\SpringBootSample\Phonebook)
2021-11-12 18:51:59,380 DEBUG c.p.Main [restartedMain] Running with Spring Boot v2.3.1.RELEASE, Spring v5.2.7.RELEASE
2021-11-12 18:51:59,381 INFO c.p.Main [restartedMain] No active profile set, falling back to default profiles: default
2021-11-12 18:52:02,559 INFO c.p.Main [restartedMain] Started Main in 3.926 seconds (JVM running for 8.097)
2021-11-12 18:52:05,997 INFO c.p.c.HomeController [http-nio-8080-exec-1] isAlreadyLogin, result: user is not Login.
2021-11-12 18:52:32,834 INFO c.p.c.HomeController [http-nio-8080-exec-2] isAlreadyLogin, result: user is not Login.
2021-11-12 18:53:10,247 INFO c.p.c.HomeController [http-nio-8080-exec-3] isAlreadyLogin, result: user is not Login.
2021-11-12 18:53:21,015 INFO c.p.c.HomeController [http-nio-8080-exec-4] isAlreadyLogin, result: user is not Login.
2021-11-12 18:54:34,820 INFO c.p.c.HomeController [http-nio-8080-exec-6] isAlreadyLogin, result: user is not Login.
2021-11-12 19:02:29,418 INFO c.p.c.HomeController [http-nio-8080-exec-5] isAlreadyLogin, result: user is not Login.
2021-11-12 19:02:47,095 INFO c.p.c.HomeController [http-nio-8080-exec-7] isAlreadyLogin, result: user is not Login.
2021-11-12 19:02:47,487 INFO c.p.c.HomeController [http-nio-8080-exec-8] isAlreadyLogin, result: user is not Login.
2021-11-12 19:02:49,751 INFO c.p.c.HomeController [http-nio-8080-exec-9] isAlreadyLogin, result: user is not Login.
2021-11-12 19:05:33,151 INFO c.p.c.HomeController [http-nio-8080-exec-10] isAlreadyLogin, result: user is not Login.
2021-11-12 19:06:22,134 INFO c.p.c.HomeController [http-nio-8080-exec-1] isAlreadyLogin, result: user is not Login.
2021-11-12 19:09:16,649 INFO c.p.c.HomeController [http-nio-8080-exec-2] isAlreadyLogin, result: user is not Login.
2021-11-12 19:09:31,217 INFO c.p.c.HomeController [http-nio-8080-exec-3] isAlreadyLogin, result: user is not Login.
2021-11-12 19:29:15,405 INFO c.p.c.HomeController [http-nio-8080-exec-5] isAlreadyLogin, result: user is not Login.
2021-11-12 19:30:21,426 INFO c.p.c.HomeController [http-nio-8080-exec-9] isAlreadyLogin, result: user is not Login.
2021-11-12 19:34:46,509 INFO c.p.c.HomeController [http-nio-8080-exec-10] isAlreadyLogin, result: user is not Login.
2021-11-12 19:36:40,545 INFO c.p.c.HomeController [http-nio-8080-exec-1] isAlreadyLogin, result: user is not Login.
2021-11-12 19:37:16,183 INFO c.p.c.HomeController [http-nio-8080-exec-2] isAlreadyLogin, result: user is not Login.
2021-11-12 19:37:40,578 INFO c.p.c.HomeController [http-nio-8080-exec-3] isAlreadyLogin, result: user is not Login.
2021-11-12 19:38:01,993 INFO c.p.c.HomeController [http-nio-8080-exec-4] isAlreadyLogin, result: user is not Login.
2021-11-12 19:38:02,839 INFO c.p.c.HomeController [http-nio-8080-exec-6] isAlreadyLogin, result: user is not Login.
2021-11-12 19:38:26,624 INFO c.p.c.HomeController [http-nio-8080-exec-5] isAlreadyLogin, result: user is not Login.
2021-11-12 19:38:27,418 INFO c.p.c.HomeController [http-nio-8080-exec-7] isAlreadyLogin, result: user is not Login.
2021-11-12 19:38:46,608 INFO c.p.c.HomeController [http-nio-8080-exec-8] isAlreadyLogin, result: user is not Login.
2021-11-12 19:38:47,473 INFO c.p.c.HomeController [http-nio-8080-exec-9] isAlreadyLogin, result: user is not Login.
2021-11-12 19:42:30,133 INFO c.p.c.HomeController [http-nio-8080-exec-1] isAlreadyLogin, result: user is not Login.
2021-11-12 19:44:18,892 INFO c.p.c.HomeController [http-nio-8080-exec-2] isAlreadyLogin, result: user is not Login.
2021-11-12 19:44:19,792 INFO c.p.c.HomeController [http-nio-8080-exec-3] isAlreadyLogin, result: user is not Login.
2021-11-12 19:44:25,671 INFO c.p.c.HomeController [http-nio-8080-exec-4] isAlreadyLogin, result: user is not Login.
2021-11-12 19:44:40,846 INFO c.p.c.HomeController [http-nio-8080-exec-6] isAlreadyLogin, result: user is not Login.
2021-11-12 19:45:07,263 INFO c.p.Main [restartedMain] Starting Main on DESKTOP-V8NF0JL with PID 12352 (D:\projects\SpringBootSample\Phonebook\target\classes started by karuon in D:\projects\SpringBootSample\Phonebook)
2021-11-12 19:45:07,281 DEBUG c.p.Main [restartedMain] Running with Spring Boot v2.3.1.RELEASE, Spring v5.2.7.RELEASE
2021-11-12 19:45:07,282 INFO c.p.Main [restartedMain] No active profile set, falling back to default profiles: default
2021-11-12 19:45:10,651 INFO c.p.Main [restartedMain] Started Main in 4.162 seconds (JVM running for 8.345)
2021-11-12 19:45:15,556 INFO c.p.c.HomeController [http-nio-8080-exec-2] isAlreadyLogin, result: user is not Login.
2021-11-12 19:45:31,929 INFO c.p.c.HomeController [http-nio-8080-exec-1] isAlreadyLogin, result: user is not Login.
2021-11-12 19:45:46,343 INFO c.p.Main [restartedMain] Starting Main on DESKTOP-V8NF0JL with PID 6996 (D:\projects\SpringBootSample\Phonebook\target\classes started by karuon in D:\projects\SpringBootSample\Phonebook)
2021-11-12 19:45:46,355 DEBUG c.p.Main [restartedMain] Running with Spring Boot v2.3.1.RELEASE, Spring v5.2.7.RELEASE
2021-11-12 19:45:46,356 INFO c.p.Main [restartedMain] No active profile set, falling back to default profiles: default
2021-11-12 19:45:49,495 INFO c.p.Main [restartedMain] Started Main in 3.772 seconds (JVM running for 7.712)
2021-11-12 19:45:59,954 INFO c.p.c.HomeController [http-nio-8080-exec-1] isAlreadyLogin, result: user is not Login.
2021-11-12 19:46:02,932 INFO c.p.c.HomeController [http-nio-8080-exec-2] isAlreadyLogin, result: user is not Login.
2021-11-12 19:46:51,469 INFO c.p.c.HomeController [http-nio-8080-exec-4] isAlreadyLogin, result: user is not Login.
2021-11-12 19:52:10,175 INFO c.p.c.HomeController [http-nio-8080-exec-3] isAlreadyLogin, result: user is not Login.
2021-11-12 19:52:13,622 INFO c.p.c.HomeController [http-nio-8080-exec-5] isAlreadyLogin, result: user is not Login.
2021-11-12 19:52:28,344 INFO c.p.Main [restartedMain] Starting Main on DESKTOP-V8NF0JL with PID 11444 (D:\projects\SpringBootSample\Phonebook\target\classes started by karuon in D:\projects\SpringBootSample\Phonebook)
2021-11-12 19:52:28,365 DEBUG c.p.Main [restartedMain] Running with Spring Boot v2.3.1.RELEASE, Spring v5.2.7.RELEASE
2021-11-12 19:52:28,366 INFO c.p.Main [restartedMain] No active profile set, falling back to default profiles: default
2021-11-12 19:52:31,601 INFO c.p.Main [restartedMain] Started Main in 4.017 seconds (JVM running for 7.701)
2021-11-12 19:52:37,198 INFO c.p.c.HomeController [http-nio-8080-exec-1] isAlreadyLogin, result: user is not Login.
2021-11-12 19:52:56,944 INFO c.p.c.HomeController [http-nio-8080-exec-2] isAlreadyLogin, result: user is not Login.
2021-11-12 19:52:57,600 INFO c.p.c.HomeController [http-nio-8080-exec-3] isAlreadyLogin, result: user is not Login.
2021-11-12 19:52:59,989 INFO c.p.c.HomeController [http-nio-8080-exec-4] isAlreadyLogin, result: user is not Login.
2021-11-12 19:53:30,520 INFO c.p.c.HomeController [http-nio-8080-exec-5] isAlreadyLogin, result: user is not Login.
2021-11-12 19:53:31,656 INFO c.p.c.HomeController [http-nio-8080-exec-6] isAlreadyLogin, result: user is not Login.
2021-11-12 19:53:46,847 INFO c.p.c.HomeController [http-nio-8080-exec-7] isAlreadyLogin, result: user is not Login.
2021-11-12 19:53:57,778 INFO c.p.c.HomeController [http-nio-8080-exec-8] isAlreadyLogin, result: user is not Login.
2021-11-12 19:54:00,040 INFO c.p.c.HomeController [http-nio-8080-exec-10] isAlreadyLogin, result: user is not Login.
2021-11-12 19:54:29,843 INFO c.p.Main [restartedMain] Starting Main on DESKTOP-V8NF0JL with PID 8380 (D:\projects\SpringBootSample\Phonebook\target\classes started by karuon in D:\projects\SpringBootSample\Phonebook)
2021-11-12 19:54:29,857 DEBUG c.p.Main [restartedMain] Running with Spring Boot v2.3.1.RELEASE, Spring v5.2.7.RELEASE
2021-11-12 19:54:29,858 INFO c.p.Main [restartedMain] No active profile set, falling back to default profiles: default
2021-11-12 19:54:32,945 INFO c.p.Main [restartedMain] Started Main in 3.77 seconds (JVM running for 7.417)
2021-11-12 19:54:38,133 INFO c.p.c.HomeController [http-nio-8080-exec-2] isAlreadyLogin, result: user is not Login.
2021-11-12 19:54:56,633 INFO c.p.c.HomeController [http-nio-8080-exec-1] isAlreadyLogin, result: user is not Login.
2021-11-12 19:54:59,956 INFO c.p.c.HomeController [http-nio-8080-exec-3] isAlreadyLogin, result: user is not Login.
2021-11-12 19:55:09,945 INFO c.p.c.HomeController [http-nio-8080-exec-4] isAlreadyLogin, result: user is not Login.
2021-11-12 19:55:19,331 INFO c.p.c.HomeController [http-nio-8080-exec-6] isAlreadyLogin, result: user is not Login.
2021-11-12 19:55:20,580 INFO c.p.c.HomeController [http-nio-8080-exec-5] isAlreadyLogin, result: user is not Login.
2021-11-12 19:55:51,941 INFO c.p.Main [restartedMain] Starting Main on DESKTOP-V8NF0JL with PID 11568 (D:\projects\SpringBootSample\Phonebook\target\classes started by karuon in D:\projects\SpringBootSample\Phonebook)
2021-11-12 19:55:51,954 DEBUG c.p.Main [restartedMain] Running with Spring Boot v2.3.1.RELEASE, Spring v5.2.7.RELEASE
2021-11-12 19:55:51,955 INFO c.p.Main [restartedMain] No active profile set, falling back to default profiles: default
2021-11-12 19:55:55,063 INFO c.p.Main [restartedMain] Started Main in 3.747 seconds (JVM running for 7.359)
2021-11-12 19:56:03,561 INFO c.p.c.HomeController [http-nio-8080-exec-1] isAlreadyLogin, result: user is not Login.
2021-11-12 19:56:37,939 INFO c.p.c.HomeController [http-nio-8080-exec-2] isAlreadyLogin, result: user is not Login.
2021-11-12 19:56:39,595 INFO c.p.c.HomeController [http-nio-8080-exec-3] isAlreadyLogin, result: user is not Login.
2021-11-12 19:56:44,596 INFO c.p.c.HomeController [http-nio-8080-exec-4] isAlreadyLogin, result: user is not Login.
2021-11-12 19:56:50,873 INFO c.p.c.HomeController [http-nio-8080-exec-5] isAlreadyLogin, result: user is not Login.
2021-11-12 19:56:52,995 INFO c.p.c.HomeController [http-nio-8080-exec-6] isAlreadyLogin, result: user is not Login.
2021-11-12 19:57:14,627 INFO c.p.c.HomeController [http-nio-8080-exec-7] isAlreadyLogin, result: user is not Login.
2021-11-12 19:57:16,190 INFO c.p.c.HomeController [http-nio-8080-exec-8] isAlreadyLogin, result: user is not Login.
2021-11-12 19:58:41,337 INFO c.p.c.HomeController [http-nio-8080-exec-9] isAlreadyLogin, result: user is not Login.
2021-11-12 19:58:42,028 INFO c.p.c.HomeController [http-nio-8080-exec-10] isAlreadyLogin, result: user is not Login.
2021-11-12 19:59:03,431 INFO c.p.c.HomeController [http-nio-8080-exec-1] isAlreadyLogin, result: user is not Login.
2021-11-12 19:59:05,489 INFO c.p.c.HomeController [http-nio-8080-exec-2] isAlreadyLogin, result: user is not Login.
2021-11-12 19:59:33,982 INFO c.p.c.HomeController [http-nio-8080-exec-3] isAlreadyLogin, result: user is not Login.
2021-11-12 19:59:38,841 INFO c.p.c.HomeController [http-nio-8080-exec-4] isAlreadyLogin, result: user is not Login.
2021-11-12 19:59:52,406 INFO c.p.c.HomeController [http-nio-8080-exec-5] isAlreadyLogin, result: user is not Login.
2021-11-12 19:59:53,621 INFO c.p.c.HomeController [http-nio-8080-exec-6] isAlreadyLogin, result: user is not Login.
2021-11-12 20:00:43,173 INFO c.p.c.HomeController [http-nio-8080-exec-7] isAlreadyLogin, result: user is not Login.
2021-11-12 20:01:20,125 INFO c.p.c.HomeController [http-nio-8080-exec-8] isAlreadyLogin, result: user is not Login.
2021-11-12 20:01:27,143 INFO c.p.c.HomeController [http-nio-8080-exec-9] isAlreadyLogin, result: user is not Login.
2021-11-12 20:02:09,131 INFO c.p.c.HomeController [http-nio-8080-exec-10] isAlreadyLogin, result: user is not Login.
2021-11-12 20:02:14,153 INFO c.p.c.HomeController [http-nio-8080-exec-1] isAlreadyLogin, result: user is not Login.
2021-11-12 20:02:34,289 INFO c.p.c.HomeController [http-nio-8080-exec-3] isAlreadyLogin, result: user is not Login.
2021-11-12 20:03:22,329 INFO c.p.c.HomeController [http-nio-8080-exec-4] isAlreadyLogin, result: user is not Login.
2021-11-12 20:03:25,051 INFO c.p.c.HomeController [http-nio-8080-exec-5] isAlreadyLogin, result: user is not Login.
2021-11-12 20:03:25,940 INFO c.p.c.HomeController [http-nio-8080-exec-6] isAlreadyLogin, result: user is not Login.
2021-11-12 20:04:03,942 INFO c.p.c.HomeController [http-nio-8080-exec-7] isAlreadyLogin, result: user is not Login.
2021-11-12 20:05:41,790 INFO c.p.c.HomeController [http-nio-8080-exec-8] isAlreadyLogin, result: user is not Login.
2021-11-12 20:06:24,125 INFO c.p.c.HomeController [http-nio-8080-exec-9] isAlreadyLogin, result: user is not Login.
2021-11-12 20:06:33,324 INFO c.p.c.HomeController [http-nio-8080-exec-10] isAlreadyLogin, result: user is not Login.
2021-11-12 20:07:26,042 INFO c.p.Main [restartedMain] Starting Main on DESKTOP-V8NF0JL with PID 12484 (D:\projects\SpringBootSample\Phonebook\target\classes started by karuon in D:\projects\SpringBootSample\Phonebook)
2021-11-12 20:07:26,067 DEBUG c.p.Main [restartedMain] Running with Spring Boot v2.3.1.RELEASE, Spring v5.2.7.RELEASE
2021-11-12 20:07:26,069 INFO c.p.Main [restartedMain] No active profile set, falling back to default profiles: default
2021-11-12 20:07:31,675 INFO c.p.Main [restartedMain] Started Main in 7.229 seconds (JVM running for 10.924)
2021-11-12 20:08:31,481 INFO c.p.c.HomeController [http-nio-8080-exec-1] isAlreadyLogin, result: user is not Login.
2021-11-12 20:15:01,947 INFO c.p.Main [restartedMain] Starting Main on DESKTOP-V8NF0JL with PID 5472 (D:\projects\SpringBootSample\Phonebook\target\classes started by karuon in D:\projects\SpringBootSample\Phonebook)
2021-11-12 20:15:01,969 DEBUG c.p.Main [restartedMain] Running with Spring Boot v2.3.1.RELEASE, Spring v5.2.7.RELEASE
2021-11-12 20:15:01,970 INFO c.p.Main [restartedMain] No active profile set, falling back to default profiles: default
2021-11-12 20:15:05,200 INFO c.p.Main [restartedMain] Started Main in 4.438 seconds (JVM running for 9.638)
2021-11-12 20:15:05,536 INFO c.p.c.HomeController [http-nio-8080-exec-1] isAlreadyLogin, result: -1
2021-11-12 20:15:05,668 INFO c.p.c.HomeController [http-nio-8080-exec-2] isAlreadyLogin, result: -1
2021-11-12 20:15:10,646 INFO c.p.c.HomeController [http-nio-8080-exec-3] isAlreadyLogin, result: -1
2021-11-12 20:18:00,410 INFO c.p.c.HomeController [http-nio-8080-exec-4] isAlreadyLogin, result: -1
2021-11-12 20:18:01,597 INFO c.p.c.HomeController [http-nio-8080-exec-6] isAlreadyLogin, result: -1
2021-11-12 20:18:06,566 INFO c.p.c.HomeController [http-nio-8080-exec-7] isAlreadyLogin, result: -1
2021-11-12 20:18:53,109 INFO c.p.c.HomeController [http-nio-8080-exec-5] isAlreadyLogin, result: -1
2021-11-12 20:18:55,359 INFO c.p.c.HomeController [http-nio-8080-exec-8] isAlreadyLogin, result: -1
2021-11-12 20:18:59,202 INFO c.p.c.HomeController [http-nio-8080-exec-9] isAlreadyLogin, result: -1
2021-11-12 20:19:08,602 INFO c.p.c.HomeController [http-nio-8080-exec-10] isAlreadyLogin, result: -1
2021-11-12 20:20:13,169 INFO c.p.c.HomeController [http-nio-8080-exec-1] isAlreadyLogin, result: -1
2021-11-12 20:21:17,418 INFO c.p.c.HomeController [http-nio-8080-exec-2] isAlreadyLogin, result: -1
2021-11-12 20:21:20,762 INFO c.p.c.HomeController [http-nio-8080-exec-3] isAlreadyLogin, result: -1
2021-11-12 20:21:45,884 INFO c.p.Main [restartedMain] Starting Main on DESKTOP-V8NF0JL with PID 4140 (D:\projects\SpringBootSample\Phonebook\target\classes started by karuon in D:\projects\SpringBootSample\Phonebook)
2021-11-12 20:21:45,907 DEBUG c.p.Main [restartedMain] Running with Spring Boot v2.3.1.RELEASE, Spring v5.2.7.RELEASE
2021-11-12 20:21:45,909 INFO c.p.Main [restartedMain] No active profile set, falling back to default profiles: default
2021-11-12 20:21:49,240 INFO c.p.Main [restartedMain] Started Main in 5.141 seconds (JVM running for 8.785)
2021-11-12 20:21:56,420 INFO c.p.c.HomeController [http-nio-8080-exec-1] isAlreadyLogin, result: -1
2021-11-12 20:22:07,137 INFO c.p.c.HomeController [http-nio-8080-exec-2] isAlreadyLogin, result: -1
2021-11-12 20:22:54,460 INFO c.p.Main [restartedMain] Starting Main on DESKTOP-V8NF0JL with PID 7552 (D:\projects\SpringBootSample\Phonebook\target\classes started by karuon in D:\projects\SpringBootSample\Phonebook)
2021-11-12 20:22:54,479 DEBUG c.p.Main [restartedMain] Running with Spring Boot v2.3.1.RELEASE, Spring v5.2.7.RELEASE
2021-11-12 20:22:54,480 INFO c.p.Main [restartedMain] No active profile set, falling back to default profiles: default
2021-11-12 20:22:57,728 INFO c.p.Main [restartedMain] Started Main in 4.295 seconds (JVM running for 9.015)
2021-11-12 20:23:12,223 INFO c.p.c.HomeController [http-nio-8080-exec-1] isAlreadyLogin, result: 1
2021-11-12 20:23:19,095 INFO c.p.c.HomeController [http-nio-8080-exec-2] isAlreadyLogin, result: 1
2021-11-12 20:23:44,691 INFO c.p.c.HomeController [http-nio-8080-exec-4] isAlreadyLogin, result: 1
2021-11-12 20:23:48,601 INFO c.p.c.HomeController [http-nio-8080-exec-3] isAlreadyLogin, result: 1
2021-11-12 20:23:53,103 INFO c.p.c.HomeController [http-nio-8080-exec-5] isAlreadyLogin, result: 1
2021-11-12 20:23:53,376 INFO c.p.c.HomeController [http-nio-8080-exec-6] isAlreadyLogin, result: 1
2021-11-12 20:24:00,625 INFO c.p.c.HomeController [http-nio-8080-exec-7] isAlreadyLogin, result: 1
2021-11-12 20:24:02,087 INFO c.p.c.HomeController [http-nio-8080-exec-8] isAlreadyLogin, result: 1
2021-11-12 20:24:02,335 INFO c.p.c.HomeController [http-nio-8080-exec-9] isAlreadyLogin, result: 1
2021-11-12 20:24:06,298 INFO c.p.c.HomeController [http-nio-8080-exec-10] isAlreadyLogin, result: 1
2021-11-12 20:24:07,453 INFO c.p.c.HomeController [http-nio-8080-exec-1] isAlreadyLogin, result: 1
2021-11-12 20:24:08,494 INFO c.p.c.HomeController [http-nio-8080-exec-2] isAlreadyLogin, result: 1
2021-11-12 20:24:09,568 INFO c.p.c.HomeController [http-nio-8080-exec-4] isAlreadyLogin, result: 1
2021-11-12 20:24:10,755 INFO c.p.c.HomeController [http-nio-8080-exec-3] isAlreadyLogin, result: 1
2021-11-12 20:24:11,034 INFO c.p.c.HomeController [http-nio-8080-exec-5] isAlreadyLogin, result: 1
2021-11-12 20:24:13,912 INFO c.p.c.HomeController [http-nio-8080-exec-6] isAlreadyLogin, result: 1
2021-11-12 20:24:15,053 INFO c.p.c.HomeController [http-nio-8080-exec-7] isAlreadyLogin, result: 1
2021-11-12 20:24:16,207 INFO c.p.c.HomeController [http-nio-8080-exec-8] isAlreadyLogin, result: 1
2021-11-12 20:24:17,230 INFO c.p.c.HomeController [http-nio-8080-exec-9] isAlreadyLogin, result: 1
2021-11-12 20:24:17,471 INFO c.p.c.HomeController [http-nio-8080-exec-10] isAlreadyLogin, result: 1
2021-11-12 20:24:19,604 INFO c.p.c.HomeController [http-nio-8080-exec-1] isAlreadyLogin, result: 1
2021-11-12 20:24:20,730 INFO c.p.c.HomeController [http-nio-8080-exec-2] isAlreadyLogin, result: 1
2021-11-12 20:24:20,988 INFO c.p.c.HomeController [http-nio-8080-exec-4] isAlreadyLogin, result: 1
2021-11-12 20:25:57,375 INFO c.p.c.HomeController [http-nio-8080-exec-3] isAlreadyLogin, result: 1
2021-11-12 20:25:59,679 INFO c.p.c.HomeController [http-nio-8080-exec-5] isAlreadyLogin, result: 1
2021-11-12 20:26:17,467 INFO c.p.c.HomeController [http-nio-8080-exec-6] isAlreadyLogin, result: 1
2021-11-12 20:26:22,149 INFO c.p.c.HomeController [http-nio-8080-exec-7] isAlreadyLogin, result: 1
2021-11-12 20:26:27,757 INFO c.p.c.HomeController [http-nio-8080-exec-8] isAlreadyLogin, result: 1
2021-11-12 20:26:29,209 INFO c.p.c.HomeController [http-nio-8080-exec-9] isAlreadyLogin, result: 1
2021-11-12 20:26:44,721 INFO c.p.c.HomeController [http-nio-8080-exec-10] isAlreadyLogin, result: 1
2021-11-12 20:26:45,602 INFO c.p.c.HomeController [http-nio-8080-exec-1] isAlreadyLogin, result: 1
2021-11-12 20:26:53,630 INFO c.p.c.HomeController [http-nio-8080-exec-2] isAlreadyLogin, result: 1
2021-11-12 20:26:55,124 INFO c.p.c.HomeController [http-nio-8080-exec-4] isAlreadyLogin, result: 1
2021-11-12 20:29:23,057 INFO c.p.c.HomeController [http-nio-8080-exec-3] isAlreadyLogin, result: 1
2021-11-12 20:29:29,432 INFO c.p.c.HomeController [http-nio-8080-exec-5] isAlreadyLogin, result: 1
2021-11-12 20:29:30,864 INFO c.p.c.HomeController [http-nio-8080-exec-6] isAlreadyLogin, result: 1
2021-11-12 20:29:54,192 INFO c.p.Main [restartedMain] Starting Main on DESKTOP-V8NF0JL with PID 5244 (D:\projects\SpringBootSample\Phonebook\target\classes started by karuon in D:\projects\SpringBootSample\Phonebook)
2021-11-12 20:29:54,220 DEBUG c.p.Main [restartedMain] Running with Spring Boot v2.3.1.RELEASE, Spring v5.2.7.RELEASE
2021-11-12 20:29:54,221 INFO c.p.Main [restartedMain] No active profile set, falling back to default profiles: default
2021-11-12 20:29:57,497 INFO c.p.Main [restartedMain] Started Main in 4.138 seconds (JVM running for 7.656)
2021-11-12 20:30:02,599 INFO c.p.c.HomeController [http-nio-8080-exec-2] isAlreadyLogin, result: -1
2021-11-12 20:30:25,787 INFO c.p.Main [restartedMain] Starting Main on DESKTOP-V8NF0JL with PID 8140 (D:\projects\SpringBootSample\Phonebook\target\classes started by karuon in D:\projects\SpringBootSample\Phonebook)
2021-11-12 20:30:25,811 DEBUG c.p.Main [restartedMain] Running with Spring Boot v2.3.1.RELEASE, Spring v5.2.7.RELEASE
2021-11-12 20:30:25,812 INFO c.p.Main [restartedMain] No active profile set, falling back to default profiles: default
2021-11-12 20:30:29,475 INFO c.p.Main [restartedMain] Started Main in 4.493 seconds (JVM running for 8.263)
2021-11-12 20:30:32,549 INFO c.p.c.HomeController [http-nio-8080-exec-1] isAlreadyLogin, result: 1
2021-11-12 20:30:48,519 INFO c.p.Main [restartedMain] Starting Main on DESKTOP-V8NF0JL with PID 12488 (D:\projects\SpringBootSample\Phonebook\target\classes started by karuon in D:\projects\SpringBootSample\Phonebook)
2021-11-12 20:30:48,543 DEBUG c.p.Main [restartedMain] Running with Spring Boot v2.3.1.RELEASE, Spring v5.2.7.RELEASE
2021-11-12 20:30:48,544 INFO c.p.Main [restartedMain] No active profile set, falling back to default profiles: default
2021-11-12 20:30:51,948 INFO c.p.Main [restartedMain] Started Main in 4.42 seconds (JVM running for 8.195)
2021-11-12 20:31:00,758 INFO c.p.c.HomeController [http-nio-8080-exec-1] isAlreadyLogin, result: -1
